<?xml version="1.0" encoding="UTF-8"?>
<!-- Generated by org.testng.reporters.JUnitReportReporter -->
<testsuite hostname="DESKTOP-7ITE2N0" failures="0" tests="1" name="testClasses.Post_TC_6" time="4.825" errors="0" timestamp="2023-06-20T22:31:48 IST" skipped="0">
  <testcase classname="testClasses.Post_TC_6" name="execute" time="4.825"/>
  <system-out/>
</testsuite> <!-- testClasses.Post_TC_6 -->
