<?xml version="1.0" encoding="UTF-8"?>
<!-- Generated by org.testng.reporters.JUnitReportReporter -->
<testsuite hostname="DESKTOP-7ITE2N0" failures="0" tests="1" name="testClasses.Post_TC_0_0" time="9.054" errors="0" timestamp="2023-06-20T14:05:54 IST" skipped="0">
  <testcase classname="testClasses.Post_TC_0_0" name="execute" time="9.054"/>
  <system-out/>
</testsuite> <!-- testClasses.Post_TC_0_0 -->
